<?xml version="1.0" encoding="UTF-8"?>
<!-- Generated by org.testng.reporters.JUnitXMLReporter -->
<testsuite ignored="0" hostname="DESKTOP-EU2NEPJ" failures="0" tests="4" name="Default test" time="0.089" errors="0" timestamp="2023-11-30T14:59:36 IST">
  <testcase classname="Selenium_basic.TestNG_Priority" name="apple" time="0.012"/>
  <testcase classname="Selenium_basic.TestNG_Priority" name="xpple" time="0.002"/>
  <testcase classname="Selenium_basic.TestNG_Priority" name="fost" time="0.001"/>
  <testcase classname="Selenium_basic.TestNG_Priority" name="aost" time="0.001"/>
</testsuite> <!-- Default test -->
